<?xml version="1.0" encoding="UTF-8"?>
<testsuite xmlns:xsi="http://www.w3.org/2001/XMLSchema-instance" xsi:noNamespaceSchemaLocation="https://maven.apache.org/surefire/maven-surefire-plugin/xsd/surefire-test-report-3.0.xsd" version="3.0" name="DemoTest" time="146.898" tests="14" errors="0" skipped="0" failures="1">
  <properties>
[...]
</properties>
  <testcase name="Search with queries which has less than 2 characters #1" classname="Search for product" time="11.73">
    <system-out><![CDATA[22:31:24.260 [main] DEBUG net.thucydides.core.guice.Injectors -- Created injector for module net.thucydides.core.guice.ThucydidesModule
22:31:24.413 [main] DEBUG io.cucumber.core.plugin.SerenityReporter -- Running feature from file:///D:/Documents/Projects/sqa/proj/test/src/test/resources/features/filter.feature
22:31:24.615 [main] DEBUG net.thucydides.core.guice.Injectors -- Created injector for module net.thucydides.core.guice.webdriver.WebDriverModule
22:31:24.645 [main] INFO  -- &amp#27;[96m

-------------------------------------------------------------------------------------
     _______. _______ .______       _______ .__   __.  __  .___________.____    ____ 
    /       ||   ____||   _  \     |   ____||  \ |  | |  | |           |\   \  /   / 
   |   (----`|  |__   |  |_)  |    |  |__   |   \|  | |  | `---|  |----` \   \/   /  
    \   \    |   __|  |      /     |   __|  |  . `  | |  |     |  |       \_    _/   
.----)   |   |  |____ |  |\  \----.|  |____ |  |\   | |  |     |  |         |  |     
|_______/    |_______|| _| `._____||_______||__| \__| |__|     |__|         |__|    
                                                                                     
 News and tutorials at http://www.serenity-bdd.info                                  
 Documentation at https://wakaleo.gitbooks.io/the-serenity-book/content/             
 Join the Serenity Community on Gitter: https://gitter.im/serenity-bdd/serenity-core 
 Serenity BDD Support and Training at http://serenity-bdd.info/#/trainingandsupport  
-------------------------------------------------------------------------------------
&amp#27;[0m
22:31:24.648 [main] DEBUG net.thucydides.core.steps.StepEventBus -- Test suite started for story net.thucydides.core.model.Story@48864e26
22:31:24.650 [main] INFO  -- Test Suite Started: Filter product
22:31:24.664 [main] DEBUG io.cucumber.core.plugin.SerenityReporter -- Running feature from file:///D:/Documents/Projects/sqa/proj/test/src/test/resources/features/search.feature
22:31:24.681 [main] DEBUG net.thucydides.core.steps.StepEventBus -- Test suite started for story net.thucydides.core.model.Story@8d06122a
22:31:24.682 [main] INFO  -- Test Suite Started: Search for product
22:31:24.683 [main] DEBUG io.cucumber.core.plugin.SerenityReporter -- Running feature from file:///D:/Documents/Projects/sqa/proj/test/src/test/resources/features/search.feature
22:31:24.687 [main] DEBUG net.thucydides.core.steps.StepEventBus -- Test suite started for story net.thucydides.core.model.Story@8d06122a
22:31:24.688 [main] INFO  -- Test Suite Started: Search for product

@SFP01
Scenario Outline: Search with queries which has less than 2 characters                                       &amp#27;[90m# src/test/resources/features/search.feature:9&amp#27;[0m
22:31:24.836 [main] DEBUG io.cucumber.core.plugin.SerenityReporter -- Running feature from file:///D:/Documents/Projects/sqa/proj/test/src/test/resources/features/search.feature
22:31:24.984 [main] INFO  -- ----------------
- TEST STARTED -
----------------

Search with queries which has less than 2 characters(search-for-product;search-with-queries-which-has-less-than-2-characters)
----------------
22:31:25.100 [main] DEBUG net.thucydides.core.requirements.model.cucumber.CucumberParser -- Loading feature D:\Documents\Projects\sqa\proj\test\src\test\resources\features\filter.feature
22:31:25.128 [main] DEBUG net.thucydides.core.requirements.model.cucumber.CucumberParser -- Loading feature D:\Documents\Projects\sqa\proj\test\src\test\resources\features\search.feature
22:31:25.668 [main] INFO net.serenitybdd.core.webdriver.driverproviders.ChromeDriverProvider -- Starting Chrome driver instance with capabilities:
22:31:25.671 [main] INFO net.serenitybdd.core.webdriver.driverproviders.ChromeDriverProvider -- Capabilities {acceptInsecureCerts: false, browserName: chrome, goog:chromeOptions: {args: [remote-allow-origins=*], extensions: []}}
  &amp#27;[32mGiven &amp#27;[0m&amp#27;[32mUser is on main page&amp#27;[0m                                                                                 &amp#27;[90m# definitions.SearchStepDefs.userIsOnMainPage()&amp#27;[0m
22:31:31.395 [main] DEBUG net.serenitybdd.core.photography.Darkroom -- Opening darkroom
22:31:31.426 [Darkroom Processing Line] DEBUG net.serenitybdd.core.photography.DarkroomProcessingLine -- Darkroom processing line starting up
22:31:32.297 [main] DEBUG net.serenitybdd.core.photography.Darkroom -- Send negative for processing for target\site\serenity\33d71bee7a0b457ff6541ed416a6e8516d6965b909660bfd215a7d930219a845.png
22:31:32.298 [Darkroom Processing Line] DEBUG net.serenitybdd.core.photography.DarkroomProcessingLine -- Processing screenshot image in /var/screenshots/screenshot-9074792154315879731
22:31:32.298 [Darkroom Processing Line] DEBUG net.serenitybdd.core.photography.DarkroomProcessingLine -- Saving screenshot to target\site\serenity\33d71bee7a0b457ff6541ed416a6e8516d6965b909660bfd215a7d930219a845.png
22:31:34.961 [main] DEBUG net.serenitybdd.core.photography.Darkroom -- Send negative for processing for target\site\serenity\656df10bf59c18181f9f633e3a074ecd9a2005ba8720667618a3b3e5a9affb4c.png
22:31:34.966 [Darkroom Processing Line] DEBUG net.serenitybdd.core.photography.DarkroomProcessingLine -- Processing screenshot image in /var/screenshots/screenshot-8625070776828438431
22:31:34.966 [Darkroom Processing Line] DEBUG net.serenitybdd.core.photography.DarkroomProcessingLine -- Saving screenshot to target\site\serenity\656df10bf59c18181f9f633e3a074ecd9a2005ba8720667618a3b3e5a9affb4c.png
  &amp#27;[32mWhen &amp#27;[0m&amp#27;[32mUser search for queries like &amp#27;[0m&amp#27;[32m&amp#27;[1m""&amp#27;[0m                                                                       &amp#27;[90m# definitions.SearchStepDefs.userSearchForQueriesLikeQuery(java.lang.String)&amp#27;[0m
22:31:35.441 [main] DEBUG net.serenitybdd.core.photography.Darkroom -- Send negative for processing for target\site\serenity\656df10bf59c18181f9f633e3a074ecd9a2005ba8720667618a3b3e5a9affb4c.png
  &amp#27;[32mThen &amp#27;[0m&amp#27;[32mThe page should display error message &amp#27;[0m&amp#27;[32m&amp#27;[1m"Từ khóa tìm kiếm không đúng. Từ khóa phải có ít nhất 2 ký tự."&amp#27;[0m &amp#27;[90m# definitions.SearchStepDefs.thePageShouldDisplayErrorMessage(java.lang.String)&amp#27;[0m
22:31:35.898 [main] DEBUG net.serenitybdd.core.photography.Darkroom -- Send negative for processing for target\site\serenity\26df99a23cc1a6ecc718c1e328cb9b028ab8f12df356b892dfe5f5c33cc182dc.png
22:31:35.898 [Darkroom Processing Line] DEBUG net.serenitybdd.core.photography.DarkroomProcessingLine -- Processing screenshot image in /var/screenshots/screenshot-12869767408677299051
22:31:35.898 [Darkroom Processing Line] DEBUG net.serenitybdd.core.photography.DarkroomProcessingLine -- Saving screenshot to target\site\serenity\26df99a23cc1a6ecc718c1e328cb9b028ab8f12df356b892dfe5f5c33cc182dc.png
22:31:36.413 [main] INFO  -- &amp#27;[92m---------------
- TEST PASSED -
---------------

Search with queries which has less than 2 characters
---------------&amp#27;[0m
]]></system-out>
    <system-err><![CDATA[Starting ChromeDriver 113.0.5672.63 (0e1a4471d5ae5bf128b1bd8f4d627c8cbd55f70c-refs/branch-heads/5672@{#912}) on port 8961
Only local connections are allowed.
Please see https://chromedriver.chromium.org/security-considerations for suggestions on keeping ChromeDriver safe.
ChromeDriver was started successfully.
May 19, 2023 10:31:28 PM org.openqa.selenium.devtools.CdpVersionFinder findNearestMatch
WARNING: Unable to find an exact match for CDP version 113, so returning the closest version found: 112
]]></system-err>
  </testcase>
  <testcase name="Search with queries which has less than 2 characters #2" classname="Search for product" time="9.675">
    <system-out><![CDATA[
@SFP01
Scenario Outline: Search with queries which has less than 2 characters                                       &amp#27;[90m# src/test/resources/features/search.feature:10&amp#27;[0m
22:31:36.428 [main] DEBUG io.cucumber.core.plugin.SerenityReporter -- Running feature from file:///D:/Documents/Projects/sqa/proj/test/src/test/resources/features/search.feature
22:31:36.511 [main] INFO net.serenitybdd.core.webdriver.driverproviders.ChromeDriverProvider -- Starting Chrome driver instance with capabilities:
22:31:36.512 [main] INFO net.serenitybdd.core.webdriver.driverproviders.ChromeDriverProvider -- Capabilities {acceptInsecureCerts: false, browserName: chrome, goog:chromeOptions: {args: [remote-allow-origins=*], extensions: []}}
  &amp#27;[32mGiven &amp#27;[0m&amp#27;[32mUser is on main page&amp#27;[0m                                                                                 &amp#27;[90m# definitions.SearchStepDefs.userIsOnMainPage()&amp#27;[0m
22:31:42.795 [main] DEBUG net.serenitybdd.core.photography.Darkroom -- Send negative for processing for target\site\serenity\034266e4d2dce6de19e4960b4bf632745994d12bf5c8f5ef9d4009f0397eddd9.png
22:31:42.795 [Darkroom Processing Line] DEBUG net.serenitybdd.core.photography.DarkroomProcessingLine -- Processing screenshot image in /var/screenshots/screenshot-13121341806529693327
22:31:42.795 [Darkroom Processing Line] DEBUG net.serenitybdd.core.photography.DarkroomProcessingLine -- Saving screenshot to target\site\serenity\034266e4d2dce6de19e4960b4bf632745994d12bf5c8f5ef9d4009f0397eddd9.png
22:31:44.916 [main] DEBUG net.serenitybdd.core.photography.Darkroom -- Send negative for processing for target\site\serenity\755b7467e7fcbf846246713abad4568bad1e4f3953f9dc5f1a73a9b808cf9b9c.png
22:31:44.919 [Darkroom Processing Line] DEBUG net.serenitybdd.core.photography.DarkroomProcessingLine -- Processing screenshot image in /var/screenshots/screenshot-12910862296635378754
22:31:44.920 [Darkroom Processing Line] DEBUG net.serenitybdd.core.photography.DarkroomProcessingLine -- Saving screenshot to target\site\serenity\755b7467e7fcbf846246713abad4568bad1e4f3953f9dc5f1a73a9b808cf9b9c.png
  &amp#27;[32mWhen &amp#27;[0m&amp#27;[32mUser search for queries like &amp#27;[0m&amp#27;[32m&amp#27;[1m"a"&amp#27;[0m                                                                      &amp#27;[90m# definitions.SearchStepDefs.userSearchForQueriesLikeQuery(java.lang.String)&amp#27;[0m
22:31:45.317 [main] DEBUG net.serenitybdd.core.photography.Darkroom -- Send negative for processing for target\site\serenity\755b7467e7fcbf846246713abad4568bad1e4f3953f9dc5f1a73a9b808cf9b9c.png
  &amp#27;[32mThen &amp#27;[0m&amp#27;[32mThe page should display error message &amp#27;[0m&amp#27;[32m&amp#27;[1m"Từ khóa tìm kiếm không đúng. Từ khóa phải có ít nhất 2 ký tự."&amp#27;[0m &amp#27;[90m# definitions.SearchStepDefs.thePageShouldDisplayErrorMessage(java.lang.String)&amp#27;[0m
22:31:45.706 [main] DEBUG net.serenitybdd.core.photography.Darkroom -- Send negative for processing for target\site\serenity\038a2361b1def9a2d4d6dc56c9ec50449efdc63938b9d1ae10b19efcaa8a51e8.png
22:31:45.706 [Darkroom Processing Line] DEBUG net.serenitybdd.core.photography.DarkroomProcessingLine -- Processing screenshot image in /var/screenshots/screenshot-16971385455363226865
22:31:45.706 [Darkroom Processing Line] DEBUG net.serenitybdd.core.photography.DarkroomProcessingLine -- Saving screenshot to target\site\serenity\038a2361b1def9a2d4d6dc56c9ec50449efdc63938b9d1ae10b19efcaa8a51e8.png
22:31:46.097 [main] INFO  -- &amp#27;[92m---------------
- TEST PASSED -
---------------

Search with queries which has less than 2 characters
---------------&amp#27;[0m
]]></system-out>
    <system-err><![CDATA[Starting ChromeDriver 113.0.5672.63 (0e1a4471d5ae5bf128b1bd8f4d627c8cbd55f70c-refs/branch-heads/5672@{#912}) on port 15122
Only local connections are allowed.
Please see https://chromedriver.chromium.org/security-considerations for suggestions on keeping ChromeDriver safe.
ChromeDriver was started successfully.
May 19, 2023 10:31:39 PM org.openqa.selenium.devtools.CdpVersionFinder findNearestMatch
WARNING: Unable to find an exact match for CDP version 113, so returning the closest version found: 112
]]></system-err>
  </testcase>
  <testcase name="Search with queries which has less than 2 characters #3" classname="Search for product" time="9.545">
    <system-out><![CDATA[
@SFP01
Scenario Outline: Search with queries which has less than 2 characters                                       &amp#27;[90m# src/test/resources/features/search.feature:11&amp#27;[0m
22:31:46.117 [main] DEBUG io.cucumber.core.plugin.SerenityReporter -- Running feature from file:///D:/Documents/Projects/sqa/proj/test/src/test/resources/features/search.feature
22:31:46.284 [main] INFO net.serenitybdd.core.webdriver.driverproviders.ChromeDriverProvider -- Starting Chrome driver instance with capabilities:
22:31:46.285 [main] INFO net.serenitybdd.core.webdriver.driverproviders.ChromeDriverProvider -- Capabilities {acceptInsecureCerts: false, browserName: chrome, goog:chromeOptions: {args: [remote-allow-origins=*], extensions: []}}
  &amp#27;[32mGiven &amp#27;[0m&amp#27;[32mUser is on main page&amp#27;[0m                                                                                 &amp#27;[90m# definitions.SearchStepDefs.userIsOnMainPage()&amp#27;[0m
22:31:52.100 [main] DEBUG net.serenitybdd.core.photography.Darkroom -- Send negative for processing for target\site\serenity\df1fc53f2c5bd08066491d4958d470209391a44c6be255d3902eac817748a165.png
22:31:52.100 [Darkroom Processing Line] DEBUG net.serenitybdd.core.photography.DarkroomProcessingLine -- Processing screenshot image in /var/screenshots/screenshot-11573851395671718073
22:31:52.101 [Darkroom Processing Line] DEBUG net.serenitybdd.core.photography.DarkroomProcessingLine -- Saving screenshot to target\site\serenity\df1fc53f2c5bd08066491d4958d470209391a44c6be255d3902eac817748a165.png
22:31:54.471 [main] DEBUG net.serenitybdd.core.photography.Darkroom -- Send negative for processing for target\site\serenity\f4333e3bdc82560a01e0f71ad1fa46a1d981e8bf6957ac7ff8d0685b77fe2d89.png
22:31:54.471 [Darkroom Processing Line] DEBUG net.serenitybdd.core.photography.DarkroomProcessingLine -- Processing screenshot image in /var/screenshots/screenshot-6825638700439052653
22:31:54.471 [Darkroom Processing Line] DEBUG net.serenitybdd.core.photography.DarkroomProcessingLine -- Saving screenshot to target\site\serenity\f4333e3bdc82560a01e0f71ad1fa46a1d981e8bf6957ac7ff8d0685b77fe2d89.png
  &amp#27;[32mWhen &amp#27;[0m&amp#27;[32mUser search for queries like &amp#27;[0m&amp#27;[32m&amp#27;[1m"b"&amp#27;[0m                                                                      &amp#27;[90m# definitions.SearchStepDefs.userSearchForQueriesLikeQuery(java.lang.String)&amp#27;[0m
22:31:54.840 [main] DEBUG net.serenitybdd.core.photography.Darkroom -- Send negative for processing for target\site\serenity\f4333e3bdc82560a01e0f71ad1fa46a1d981e8bf6957ac7ff8d0685b77fe2d89.png
  &amp#27;[32mThen &amp#27;[0m&amp#27;[32mThe page should display error message &amp#27;[0m&amp#27;[32m&amp#27;[1m"Từ khóa tìm kiếm không đúng. Từ khóa phải có ít nhất 2 ký tự."&amp#27;[0m &amp#27;[90m# definitions.SearchStepDefs.thePageShouldDisplayErrorMessage(java.lang.String)&amp#27;[0m
22:31:55.259 [main] DEBUG net.serenitybdd.core.photography.Darkroom -- Send negative for processing for target\site\serenity\e8c7168aec795f2416ce78056c13542cea4e6408b997a33d12893833635ef4c9.png
22:31:55.259 [Darkroom Processing Line] DEBUG net.serenitybdd.core.photography.DarkroomProcessingLine -- Processing screenshot image in /var/screenshots/screenshot-635339459321694169
22:31:55.259 [Darkroom Processing Line] DEBUG net.serenitybdd.core.photography.DarkroomProcessingLine -- Saving screenshot to target\site\serenity\e8c7168aec795f2416ce78056c13542cea4e6408b997a33d12893833635ef4c9.png
]]></system-out>
    <system-err><![CDATA[Starting ChromeDriver 113.0.5672.63 (0e1a4471d5ae5bf128b1bd8f4d627c8cbd55f70c-refs/branch-heads/5672@{#912}) on port 1929
Only local connections are allowed.
Please see https://chromedriver.chromium.org/security-considerations for suggestions on keeping ChromeDriver safe.
ChromeDriver was started successfully.
May 19, 2023 10:31:48 PM org.openqa.selenium.devtools.CdpVersionFinder findNearestMatch
WARNING: Unable to find an exact match for CDP version 113, so returning the closest version found: 112
]]></system-err>
  </testcase>
  <testcase name="Search with queries which has less than 2 characters #4" classname="Search for product" time="8.829">
    <system-out><![CDATA[
@SFP01
Scenario Outline: Search with queries which has less than 2 characters                                       &amp#27;[90m# src/test/resources/features/search.feature:12&amp#27;[0m
22:31:55.680 [main] DEBUG io.cucumber.core.plugin.SerenityReporter -- Running feature from file:///D:/Documents/Projects/sqa/proj/test/src/test/resources/features/search.feature
22:31:55.771 [main] INFO net.serenitybdd.core.webdriver.driverproviders.ChromeDriverProvider -- Starting Chrome driver instance with capabilities:
22:31:55.772 [main] INFO net.serenitybdd.core.webdriver.driverproviders.ChromeDriverProvider -- Capabilities {acceptInsecureCerts: false, browserName: chrome, goog:chromeOptions: {args: [remote-allow-origins=*], extensions: []}}
  &amp#27;[32mGiven &amp#27;[0m&amp#27;[32mUser is on main page&amp#27;[0m                                                                                 &amp#27;[90m# definitions.SearchStepDefs.userIsOnMainPage()&amp#27;[0m
22:32:01.175 [main] DEBUG net.serenitybdd.core.photography.Darkroom -- Send negative for processing for target\site\serenity\b3475ecb3a3dcb0baff381aa8afb7cd496fa95e24cf415dab4078bbcca495047.png
22:32:01.176 [Darkroom Processing Line] DEBUG net.serenitybdd.core.photography.DarkroomProcessingLine -- Processing screenshot image in /var/screenshots/screenshot-11008558759894774376
22:32:01.176 [Darkroom Processing Line] DEBUG net.serenitybdd.core.photography.DarkroomProcessingLine -- Saving screenshot to target\site\serenity\b3475ecb3a3dcb0baff381aa8afb7cd496fa95e24cf415dab4078bbcca495047.png
22:32:03.496 [main] DEBUG net.serenitybdd.core.photography.Darkroom -- Send negative for processing for target\site\serenity\46d6f6c98740498fd4b158efbf0080f629b900d37e21985c91e14a2ec129abdf.png
22:32:03.497 [Darkroom Processing Line] DEBUG net.serenitybdd.core.photography.DarkroomProcessingLine -- Processing screenshot image in /var/screenshots/screenshot-2531096062140472503
22:32:03.497 [Darkroom Processing Line] DEBUG net.serenitybdd.core.photography.DarkroomProcessingLine -- Saving screenshot to target\site\serenity\46d6f6c98740498fd4b158efbf0080f629b900d37e21985c91e14a2ec129abdf.png
  &amp#27;[32mWhen &amp#27;[0m&amp#27;[32mUser search for queries like &amp#27;[0m&amp#27;[32m&amp#27;[1m"."&amp#27;[0m                                                                      &amp#27;[90m# definitions.SearchStepDefs.userSearchForQueriesLikeQuery(java.lang.String)&amp#27;[0m
22:32:03.802 [main] DEBUG net.serenitybdd.core.photography.Darkroom -- Send negative for processing for target\site\serenity\46d6f6c98740498fd4b158efbf0080f629b900d37e21985c91e14a2ec129abdf.png
  &amp#27;[32mThen &amp#27;[0m&amp#27;[32mThe page should display error message &amp#27;[0m&amp#27;[32m&amp#27;[1m"Từ khóa tìm kiếm không đúng. Từ khóa phải có ít nhất 2 ký tự."&amp#27;[0m &amp#27;[90m# definitions.SearchStepDefs.thePageShouldDisplayErrorMessage(java.lang.String)&amp#27;[0m
22:32:04.165 [main] DEBUG net.serenitybdd.core.photography.Darkroom -- Send negative for processing for target\site\serenity\efb41d14d0f836b01fe1dcbd016efb7ed4dd5f63154257e16bda0348294b2d8f.png
22:32:04.165 [Darkroom Processing Line] DEBUG net.serenitybdd.core.photography.DarkroomProcessingLine -- Processing screenshot image in /var/screenshots/screenshot-6951101137172481299
22:32:04.165 [Darkroom Processing Line] DEBUG net.serenitybdd.core.photography.DarkroomProcessingLine -- Saving screenshot to target\site\serenity\efb41d14d0f836b01fe1dcbd016efb7ed4dd5f63154257e16bda0348294b2d8f.png
]]></system-out>
    <system-err><![CDATA[Starting ChromeDriver 113.0.5672.63 (0e1a4471d5ae5bf128b1bd8f4d627c8cbd55f70c-refs/branch-heads/5672@{#912}) on port 24202
Only local connections are allowed.
Please see https://chromedriver.chromium.org/security-considerations for suggestions on keeping ChromeDriver safe.
ChromeDriver was started successfully.
May 19, 2023 10:31:57 PM org.openqa.selenium.devtools.CdpVersionFinder findNearestMatch
WARNING: Unable to find an exact match for CDP version 113, so returning the closest version found: 112
]]></system-err>
  </testcase>
  <testcase name="Search with queries which has less than 2 characters #5" classname="Search for product" time="9.479">
    <system-out><![CDATA[
@SFP01
Scenario Outline: Search with queries which has less than 2 characters                                       &amp#27;[90m# src/test/resources/features/search.feature:13&amp#27;[0m
22:32:04.518 [main] DEBUG io.cucumber.core.plugin.SerenityReporter -- Running feature from file:///D:/Documents/Projects/sqa/proj/test/src/test/resources/features/search.feature
22:32:04.655 [main] INFO net.serenitybdd.core.webdriver.driverproviders.ChromeDriverProvider -- Starting Chrome driver instance with capabilities:
22:32:04.655 [main] INFO net.serenitybdd.core.webdriver.driverproviders.ChromeDriverProvider -- Capabilities {acceptInsecureCerts: false, browserName: chrome, goog:chromeOptions: {args: [remote-allow-origins=*], extensions: []}}
  &amp#27;[32mGiven &amp#27;[0m&amp#27;[32mUser is on main page&amp#27;[0m                                                                                 &amp#27;[90m# definitions.SearchStepDefs.userIsOnMainPage()&amp#27;[0m
22:32:10.769 [main] DEBUG net.serenitybdd.core.photography.Darkroom -- Send negative for processing for target\site\serenity\c93d14815265b2fa2dd77625ffff4aab424f69e93697c9f507ab3d7768727c97.png
22:32:10.771 [Darkroom Processing Line] DEBUG net.serenitybdd.core.photography.DarkroomProcessingLine -- Processing screenshot image in /var/screenshots/screenshot-13397794561237359741
22:32:10.771 [Darkroom Processing Line] DEBUG net.serenitybdd.core.photography.DarkroomProcessingLine -- Saving screenshot to target\site\serenity\c93d14815265b2fa2dd77625ffff4aab424f69e93697c9f507ab3d7768727c97.png
22:32:12.858 [main] DEBUG net.serenitybdd.core.photography.Darkroom -- Send negative for processing for target\site\serenity\0bfb19c28f94a5f9143bc50a22bf18818f74eed9f5ddbe9bc1c0ef3e62c47223.png
22:32:12.859 [Darkroom Processing Line] DEBUG net.serenitybdd.core.photography.DarkroomProcessingLine -- Processing screenshot image in /var/screenshots/screenshot-1003609124942307404
22:32:12.859 [Darkroom Processing Line] DEBUG net.serenitybdd.core.photography.DarkroomProcessingLine -- Saving screenshot to target\site\serenity\0bfb19c28f94a5f9143bc50a22bf18818f74eed9f5ddbe9bc1c0ef3e62c47223.png
  &amp#27;[32mWhen &amp#27;[0m&amp#27;[32mUser search for queries like &amp#27;[0m&amp#27;[32m&amp#27;[1m"#"&amp#27;[0m                                                                      &amp#27;[90m# definitions.SearchStepDefs.userSearchForQueriesLikeQuery(java.lang.String)&amp#27;[0m
22:32:13.144 [main] DEBUG net.serenitybdd.core.photography.Darkroom -- Send negative for processing for target\site\serenity\0bfb19c28f94a5f9143bc50a22bf18818f74eed9f5ddbe9bc1c0ef3e62c47223.png
  &amp#27;[32mThen &amp#27;[0m&amp#27;[32mThe page should display error message &amp#27;[0m&amp#27;[32m&amp#27;[1m"Từ khóa tìm kiếm không đúng. Từ khóa phải có ít nhất 2 ký tự."&amp#27;[0m &amp#27;[90m# definitions.SearchStepDefs.thePageShouldDisplayErrorMessage(java.lang.String)&amp#27;[0m
22:32:13.484 [main] DEBUG net.serenitybdd.core.photography.Darkroom -- Send negative for processing for target\site\serenity\714b766f450bfac270695daf25b2892217237aa0d8cc006ce8bcef549389b79b.png
22:32:13.485 [Darkroom Processing Line] DEBUG net.serenitybdd.core.photography.DarkroomProcessingLine -- Processing screenshot image in /var/screenshots/screenshot-7751215630376688933
22:32:13.485 [Darkroom Processing Line] DEBUG net.serenitybdd.core.photography.DarkroomProcessingLine -- Saving screenshot to target\site\serenity\714b766f450bfac270695daf25b2892217237aa0d8cc006ce8bcef549389b79b.png
]]></system-out>
    <system-err><![CDATA[Starting ChromeDriver 113.0.5672.63 (0e1a4471d5ae5bf128b1bd8f4d627c8cbd55f70c-refs/branch-heads/5672@{#912}) on port 25716
Only local connections are allowed.
Please see https://chromedriver.chromium.org/security-considerations for suggestions on keeping ChromeDriver safe.
ChromeDriver was started successfully.
May 19, 2023 10:32:07 PM org.openqa.selenium.devtools.CdpVersionFinder findNearestMatch
WARNING: Unable to find an exact match for CDP version 113, so returning the closest version found: 112
]]></system-err>
  </testcase>
  <testcase name="Search with invalid queries #1" classname="Search for product" time="8.802">
    <system-out><![CDATA[
@SFP02
Scenario Outline: Search with invalid queries                                       &amp#27;[90m# src/test/resources/features/search.feature:21&amp#27;[0m
22:32:14.002 [main] DEBUG io.cucumber.core.plugin.SerenityReporter -- Running feature from file:///D:/Documents/Projects/sqa/proj/test/src/test/resources/features/search.feature
22:32:14.010 [main] INFO  -- ----------------
- TEST STARTED -
----------------

Search with invalid queries(search-for-product;search-with-invalid-queries)
----------------
22:32:14.183 [main] INFO net.serenitybdd.core.webdriver.driverproviders.ChromeDriverProvider -- Starting Chrome driver instance with capabilities:
22:32:14.183 [main] INFO net.serenitybdd.core.webdriver.driverproviders.ChromeDriverProvider -- Capabilities {acceptInsecureCerts: false, browserName: chrome, goog:chromeOptions: {args: [remote-allow-origins=*], extensions: []}}
  &amp#27;[32mGiven &amp#27;[0m&amp#27;[32mUser is on main page&amp#27;[0m                                                        &amp#27;[90m# definitions.SearchStepDefs.userIsOnMainPage()&amp#27;[0m
22:32:19.542 [main] DEBUG net.serenitybdd.core.photography.Darkroom -- Send negative for processing for target\site\serenity\0b21ebf328362552f38993ccb6665efa219b9bf1b1f0a36540f033ce19d08d35.png
22:32:19.543 [Darkroom Processing Line] DEBUG net.serenitybdd.core.photography.DarkroomProcessingLine -- Processing screenshot image in /var/screenshots/screenshot-4917071183543880038
22:32:19.543 [Darkroom Processing Line] DEBUG net.serenitybdd.core.photography.DarkroomProcessingLine -- Saving screenshot to target\site\serenity\0b21ebf328362552f38993ccb6665efa219b9bf1b1f0a36540f033ce19d08d35.png
22:32:21.640 [main] DEBUG net.serenitybdd.core.photography.Darkroom -- Send negative for processing for target\site\serenity\ef8e99b3fcfa053159bc4f72a811c148be20449c66e26e53fea70b20c2efb071.png
22:32:21.642 [Darkroom Processing Line] DEBUG net.serenitybdd.core.photography.DarkroomProcessingLine -- Processing screenshot image in /var/screenshots/screenshot-16390608393649983525
22:32:21.643 [Darkroom Processing Line] DEBUG net.serenitybdd.core.photography.DarkroomProcessingLine -- Saving screenshot to target\site\serenity\ef8e99b3fcfa053159bc4f72a811c148be20449c66e26e53fea70b20c2efb071.png
  &amp#27;[32mWhen &amp#27;[0m&amp#27;[32mUser search for queries like &amp#27;[0m&amp#27;[32m&amp#27;[1m"%^$%^@&%^#^&"&amp#27;[0m                                  &amp#27;[90m# definitions.SearchStepDefs.userSearchForQueriesLikeQuery(java.lang.String)&amp#27;[0m
22:32:21.972 [main] DEBUG net.serenitybdd.core.photography.Darkroom -- Send negative for processing for target\site\serenity\ef8e99b3fcfa053159bc4f72a811c148be20449c66e26e53fea70b20c2efb071.png
  &amp#27;[32mThen &amp#27;[0m&amp#27;[32mThe page should display message &amp#27;[0m&amp#27;[32m&amp#27;[1m"Có 0 kết quả tìm kiếm cho \"%^$%^@&%^#^&\""&amp#27;[0m &amp#27;[90m# definitions.SearchStepDefs.thePageShouldDisplayMessage(java.lang.String)&amp#27;[0m
22:32:22.328 [main] DEBUG net.serenitybdd.core.photography.Darkroom -- Send negative for processing for target\site\serenity\9a62b73c6396b91fef7e31de44a880e95d73d5b378b47e1a36006ae9f4b3f592.png
22:32:22.328 [Darkroom Processing Line] DEBUG net.serenitybdd.core.photography.DarkroomProcessingLine -- Processing screenshot image in /var/screenshots/screenshot-11046561940161522365
22:32:22.328 [Darkroom Processing Line] DEBUG net.serenitybdd.core.photography.DarkroomProcessingLine -- Saving screenshot to target\site\serenity\9a62b73c6396b91fef7e31de44a880e95d73d5b378b47e1a36006ae9f4b3f592.png
22:32:22.795 [main] INFO  -- &amp#27;[92m---------------
- TEST PASSED -
---------------

Search with invalid queries
---------------&amp#27;[0m
]]></system-out>
    <system-err><![CDATA[Starting ChromeDriver 113.0.5672.63 (0e1a4471d5ae5bf128b1bd8f4d627c8cbd55f70c-refs/branch-heads/5672@{#912}) on port 1562
Only local connections are allowed.
Please see https://chromedriver.chromium.org/security-considerations for suggestions on keeping ChromeDriver safe.
ChromeDriver was started successfully.
May 19, 2023 10:32:16 PM org.openqa.selenium.devtools.CdpVersionFinder findNearestMatch
WARNING: Unable to find an exact match for CDP version 113, so returning the closest version found: 112
]]></system-err>
  </testcase>
  <testcase name="Search with invalid queries #2" classname="Search for product" time="8.868">
    <failure message="expected:&lt;...quả tìm kiếm cho &quot;. [  .. . . . . . . .   ] . . .. . .&quot;&gt; but was:&lt;...quả tìm kiếm cho &quot;. [.. . . . . . . .] . . .. . .&quot;&gt;" type="org.junit.ComparisonFailure"><![CDATA[org.junit.ComparisonFailure: expected:<...quả tìm kiếm cho ". [  .. . . . . . . .   ] . . .. . ."> but was:<...quả tìm kiếm cho ". [.. . . . . . . .] . . .. . .">
	at org.junit.Assert.assertEquals(Assert.java:117)
	at org.junit.Assert.assertEquals(Assert.java:146)
	at definitions.SearchStepDefs.thePageShouldDisplayMessage(SearchStepDefs.java:29)
	at ✽.The page should display message "Có 0 kết quả tìm kiếm cho \".   .. . . . . . . .    . . .. . .\""(file:///D:/Documents/Projects/sqa/proj/test/src/test/resources/features/search.feature:18)
]]></failure>
    <system-out><![CDATA[
@SFP02
Scenario Outline: Search with invalid queries                                                             &amp#27;[90m# src/test/resources/features/search.feature:22&amp#27;[0m
22:32:22.808 [main] DEBUG io.cucumber.core.plugin.SerenityReporter -- Running feature from file:///D:/Documents/Projects/sqa/proj/test/src/test/resources/features/search.feature
22:32:22.919 [main] INFO net.serenitybdd.core.webdriver.driverproviders.ChromeDriverProvider -- Starting Chrome driver instance with capabilities:
22:32:22.920 [main] INFO net.serenitybdd.core.webdriver.driverproviders.ChromeDriverProvider -- Capabilities {acceptInsecureCerts: false, browserName: chrome, goog:chromeOptions: {args: [remote-allow-origins=*], extensions: []}}
  &amp#27;[32mGiven &amp#27;[0m&amp#27;[32mUser is on main page&amp#27;[0m                                                                              &amp#27;[90m# definitions.SearchStepDefs.userIsOnMainPage()&amp#27;[0m
22:32:28.856 [main] DEBUG net.serenitybdd.core.photography.Darkroom -- Send negative for processing for target\site\serenity\4dbc9a17eadb7b09351d607549b8419c0bab757bebec0db3b9c77f370525ad56.png
22:32:28.858 [Darkroom Processing Line] DEBUG net.serenitybdd.core.photography.DarkroomProcessingLine -- Processing screenshot image in /var/screenshots/screenshot-3430092165911445632
22:32:28.859 [Darkroom Processing Line] DEBUG net.serenitybdd.core.photography.DarkroomProcessingLine -- Saving screenshot to target\site\serenity\4dbc9a17eadb7b09351d607549b8419c0bab757bebec0db3b9c77f370525ad56.png
22:32:30.949 [main] DEBUG net.serenitybdd.core.photography.Darkroom -- Send negative for processing for target\site\serenity\c0419ec0a6ca343a64d6dbeb7c806a1874e30f81f4adf12aa04af86cba20cbe6.png
22:32:30.950 [Darkroom Processing Line] DEBUG net.serenitybdd.core.photography.DarkroomProcessingLine -- Processing screenshot image in /var/screenshots/screenshot-6988493249481153170
22:32:30.950 [Darkroom Processing Line] DEBUG net.serenitybdd.core.photography.DarkroomProcessingLine -- Saving screenshot to target\site\serenity\c0419ec0a6ca343a64d6dbeb7c806a1874e30f81f4adf12aa04af86cba20cbe6.png
  &amp#27;[32mWhen &amp#27;[0m&amp#27;[32mUser search for queries like &amp#27;[0m&amp#27;[32m&amp#27;[1m".   .. . . . . . . .    . . .. . ."&amp#27;[0m                                  &amp#27;[90m# definitions.SearchStepDefs.userSearchForQueriesLikeQuery(java.lang.String)&amp#27;[0m
22:32:31.211 [main] DEBUG net.serenitybdd.core.photography.Darkroom -- Send negative for processing for target\site\serenity\c0419ec0a6ca343a64d6dbeb7c806a1874e30f81f4adf12aa04af86cba20cbe6.png
  &amp#27;[31mThen &amp#27;[0m&amp#27;[31mThe page should display message &amp#27;[0m&amp#27;[31m&amp#27;[1m"Có 0 kết quả tìm kiếm cho \".   .. . . . . . . .    . . .. . .\""&amp#27;[0m &amp#27;[90m# definitions.SearchStepDefs.thePageShouldDisplayMessage(java.lang.String)&amp#27;[0m
      &amp#27;[31morg.junit.ComparisonFailure: expected:<...quả tìm kiếm cho ". [  .. . . . . . . .   ] . . .. . ."> but was:<...quả tìm kiếm cho ". [.. . . . . . . .] . . .. . .">
	at org.junit.Assert.assertEquals(Assert.java:117)
	at org.junit.Assert.assertEquals(Assert.java:146)
	at definitions.SearchStepDefs.thePageShouldDisplayMessage(SearchStepDefs.java:29)
	at ✽.The page should display message "Có 0 kết quả tìm kiếm cho \".   .. . . . . . . .    . . .. . .\""(file:///D:/Documents/Projects/sqa/proj/test/src/test/resources/features/search.feature:18)
&amp#27;[0m
22:32:31.567 [main] DEBUG net.serenitybdd.core.photography.Darkroom -- Send negative for processing for target\site\serenity\fb811690ec889848cdbdb0b72281b80a49415c28602052cda83ada84add7820b.png
22:32:31.568 [Darkroom Processing Line] DEBUG net.serenitybdd.core.photography.DarkroomProcessingLine -- Processing screenshot image in /var/screenshots/screenshot-15894693994642787502
22:32:31.568 [Darkroom Processing Line] DEBUG net.serenitybdd.core.photography.DarkroomProcessingLine -- Saving screenshot to target\site\serenity\fb811690ec889848cdbdb0b72281b80a49415c28602052cda83ada84add7820b.png
]]></system-out>
    <system-err><![CDATA[Starting ChromeDriver 113.0.5672.63 (0e1a4471d5ae5bf128b1bd8f4d627c8cbd55f70c-refs/branch-heads/5672@{#912}) on port 21210
Only local connections are allowed.
Please see https://chromedriver.chromium.org/security-considerations for suggestions on keeping ChromeDriver safe.
ChromeDriver was started successfully.
May 19, 2023 10:32:25 PM org.openqa.selenium.devtools.CdpVersionFinder findNearestMatch
WARNING: Unable to find an exact match for CDP version 113, so returning the closest version found: 112
]]></system-err>
  </testcase>
  <testcase name="Search with invalid queries #3" classname="Search for product" time="8.532">
    <system-out><![CDATA[22:32:32.262 [main] ERROR  -- &amp#27;[91m---------------
- TEST FAILED -
---------------

Search with invalid queries
---------------&amp#27;[0m
22:32:32.270 [main] DEBUG  -- RELATED ISSUES: 
22:32:32.275 [main] ERROR  -- &amp#27;[91m    Test failed at step: Then The page should display message "Có 0 kết quả tìm kiếm cho \". .. . . . . . . . . . .. . .\""&amp#27;[0m
22:32:32.275 [main] ERROR  -- &amp#27;[91m    expected:<...quả tìm kiếm cho ". [  .. . . . . . . .   ] . . .. . ."> but was:<...quả tìm kiếm cho ". [.. . . . . . . .] . . .. . .">&amp#27;[0m

@SFP02
Scenario Outline: Search with invalid queries                                                       &amp#27;[90m# src/test/resources/features/search.feature:23&amp#27;[0m
22:32:32.313 [main] DEBUG io.cucumber.core.plugin.SerenityReporter -- Running feature from file:///D:/Documents/Projects/sqa/proj/test/src/test/resources/features/search.feature
22:32:32.493 [main] INFO net.serenitybdd.core.webdriver.driverproviders.ChromeDriverProvider -- Starting Chrome driver instance with capabilities:
22:32:32.494 [main] INFO net.serenitybdd.core.webdriver.driverproviders.ChromeDriverProvider -- Capabilities {acceptInsecureCerts: false, browserName: chrome, goog:chromeOptions: {args: [remote-allow-origins=*], extensions: []}}
  &amp#27;[32mGiven &amp#27;[0m&amp#27;[32mUser is on main page&amp#27;[0m                                                                        &amp#27;[90m# definitions.SearchStepDefs.userIsOnMainPage()&amp#27;[0m
22:32:37.884 [main] DEBUG net.serenitybdd.core.photography.Darkroom -- Send negative for processing for target\site\serenity\5dd66cc48dd2d2b5710eaaa753779aba153848c17a87a43a3611670966d13800.png
22:32:37.884 [Darkroom Processing Line] DEBUG net.serenitybdd.core.photography.DarkroomProcessingLine -- Processing screenshot image in /var/screenshots/screenshot-411073567125792431
22:32:37.884 [Darkroom Processing Line] DEBUG net.serenitybdd.core.photography.DarkroomProcessingLine -- Saving screenshot to target\site\serenity\5dd66cc48dd2d2b5710eaaa753779aba153848c17a87a43a3611670966d13800.png
22:32:39.938 [main] DEBUG net.serenitybdd.core.photography.Darkroom -- Send negative for processing for target\site\serenity\4190dc8d7c2d02c3209bc360cb7df0fb1e3333a638a7d4e93243eddb94d83eaf.png
22:32:39.939 [Darkroom Processing Line] DEBUG net.serenitybdd.core.photography.DarkroomProcessingLine -- Processing screenshot image in /var/screenshots/screenshot-9094175079992774940
22:32:39.939 [Darkroom Processing Line] DEBUG net.serenitybdd.core.photography.DarkroomProcessingLine -- Saving screenshot to target\site\serenity\4190dc8d7c2d02c3209bc360cb7df0fb1e3333a638a7d4e93243eddb94d83eaf.png
  &amp#27;[32mWhen &amp#27;[0m&amp#27;[32mUser search for queries like &amp#27;[0m&amp#27;[32m&amp#27;[1m"hq289h978dynoy8ny8ryw87ry3o2"&amp#27;[0m                                  &amp#27;[90m# definitions.SearchStepDefs.userSearchForQueriesLikeQuery(java.lang.String)&amp#27;[0m
22:32:40.184 [main] DEBUG net.serenitybdd.core.photography.Darkroom -- Send negative for processing for target\site\serenity\4190dc8d7c2d02c3209bc360cb7df0fb1e3333a638a7d4e93243eddb94d83eaf.png
  &amp#27;[32mThen &amp#27;[0m&amp#27;[32mThe page should display message &amp#27;[0m&amp#27;[32m&amp#27;[1m"Có 0 kết quả tìm kiếm cho \"hq289h978dynoy8ny8ryw87ry3o2\""&amp#27;[0m &amp#27;[90m# definitions.SearchStepDefs.thePageShouldDisplayMessage(java.lang.String)&amp#27;[0m
22:32:40.516 [main] DEBUG net.serenitybdd.core.photography.Darkroom -- Send negative for processing for target\site\serenity\4190dc8d7c2d02c3209bc360cb7df0fb1e3333a638a7d4e93243eddb94d83eaf.png
]]></system-out>
    <system-err><![CDATA[Starting ChromeDriver 113.0.5672.63 (0e1a4471d5ae5bf128b1bd8f4d627c8cbd55f70c-refs/branch-heads/5672@{#912}) on port 14001
Only local connections are allowed.
Please see https://chromedriver.chromium.org/security-considerations for suggestions on keeping ChromeDriver safe.
ChromeDriver was started successfully.
May 19, 2023 10:32:34 PM org.openqa.selenium.devtools.CdpVersionFinder findNearestMatch
WARNING: Unable to find an exact match for CDP version 113, so returning the closest version found: 112
]]></system-err>
  </testcase>
  <testcase name="Search with valid queries #1" classname="Search for product" time="8.732">
    <system-out><![CDATA[
@SFP03
Scenario Outline: Search with valid queries                                       &amp#27;[90m# src/test/resources/features/search.feature:31&amp#27;[0m
22:32:40.851 [main] DEBUG io.cucumber.core.plugin.SerenityReporter -- Running feature from file:///D:/Documents/Projects/sqa/proj/test/src/test/resources/features/search.feature
22:32:40.855 [main] INFO  -- ----------------
- TEST STARTED -
----------------

Search with valid queries(search-for-product;search-with-valid-queries)
----------------
22:32:40.961 [main] INFO net.serenitybdd.core.webdriver.driverproviders.ChromeDriverProvider -- Starting Chrome driver instance with capabilities:
22:32:40.961 [main] INFO net.serenitybdd.core.webdriver.driverproviders.ChromeDriverProvider -- Capabilities {acceptInsecureCerts: false, browserName: chrome, goog:chromeOptions: {args: [remote-allow-origins=*], extensions: []}}
  &amp#27;[32mGiven &amp#27;[0m&amp#27;[32mUser is on main page&amp#27;[0m                                                      &amp#27;[90m# definitions.SearchStepDefs.userIsOnMainPage()&amp#27;[0m
22:32:46.046 [main] DEBUG net.serenitybdd.core.photography.Darkroom -- Send negative for processing for target\site\serenity\b8aa78d87e4ccb23d66188e3847c6e3517b855fd6855881d93a0a92f12a8f696.png
22:32:46.054 [Darkroom Processing Line] DEBUG net.serenitybdd.core.photography.DarkroomProcessingLine -- Processing screenshot image in /var/screenshots/screenshot-13562327553158697499
22:32:46.055 [Darkroom Processing Line] DEBUG net.serenitybdd.core.photography.DarkroomProcessingLine -- Saving screenshot to target\site\serenity\b8aa78d87e4ccb23d66188e3847c6e3517b855fd6855881d93a0a92f12a8f696.png
22:32:48.425 [main] DEBUG net.serenitybdd.core.photography.Darkroom -- Send negative for processing for target\site\serenity\f5a152309977a1a720fda67b560ad732815ab3a73e0d4f8179d730b400be8170.png
22:32:48.426 [Darkroom Processing Line] DEBUG net.serenitybdd.core.photography.DarkroomProcessingLine -- Processing screenshot image in /var/screenshots/screenshot-5995515217904650623
22:32:48.426 [Darkroom Processing Line] DEBUG net.serenitybdd.core.photography.DarkroomProcessingLine -- Saving screenshot to target\site\serenity\f5a152309977a1a720fda67b560ad732815ab3a73e0d4f8179d730b400be8170.png
  &amp#27;[32mWhen &amp#27;[0m&amp#27;[32mUser search for queries like &amp#27;[0m&amp#27;[32m&amp#27;[1m"asus"&amp#27;[0m                                        &amp#27;[90m# definitions.SearchStepDefs.userSearchForQueriesLikeQuery(java.lang.String)&amp#27;[0m
22:32:48.813 [main] DEBUG net.serenitybdd.core.photography.Darkroom -- Send negative for processing for target\site\serenity\952016822dc92e4589f497b76f1014fb4d3660e2ad6328a9132f9b2f64b872d0.png
22:32:48.813 [Darkroom Processing Line] DEBUG net.serenitybdd.core.photography.DarkroomProcessingLine -- Processing screenshot image in /var/screenshots/screenshot-14555934466524498024
22:32:48.813 [Darkroom Processing Line] DEBUG net.serenitybdd.core.photography.DarkroomProcessingLine -- Saving screenshot to target\site\serenity\952016822dc92e4589f497b76f1014fb4d3660e2ad6328a9132f9b2f64b872d0.png
  &amp#27;[32mThen &amp#27;[0m&amp#27;[32mThe result page should display products that satisfy search queries &amp#27;[0m&amp#27;[32m&amp#27;[1m"asus"&amp#27;[0m &amp#27;[90m# definitions.SearchStepDefs.theResultPageShouldDisplayProductsThatSatisfySearchQueries(java.lang.String)&amp#27;[0m
22:32:49.207 [main] DEBUG net.serenitybdd.core.photography.Darkroom -- Send negative for processing for target\site\serenity\0523320ca18593611e296b8f153e475279c96e5dc0d95fa97a038791a43845c9.png
22:32:49.207 [Darkroom Processing Line] DEBUG net.serenitybdd.core.photography.DarkroomProcessingLine -- Processing screenshot image in /var/screenshots/screenshot-7554671009232302473
22:32:49.207 [Darkroom Processing Line] DEBUG net.serenitybdd.core.photography.DarkroomProcessingLine -- Saving screenshot to target\site\serenity\0523320ca18593611e296b8f153e475279c96e5dc0d95fa97a038791a43845c9.png
22:32:49.576 [main] INFO  -- &amp#27;[92m---------------
- TEST PASSED -
---------------

Search with valid queries
---------------&amp#27;[0m
]]></system-out>
    <system-err><![CDATA[Starting ChromeDriver 113.0.5672.63 (0e1a4471d5ae5bf128b1bd8f4d627c8cbd55f70c-refs/branch-heads/5672@{#912}) on port 23891
Only local connections are allowed.
Please see https://chromedriver.chromium.org/security-considerations for suggestions on keeping ChromeDriver safe.
ChromeDriver was started successfully.
May 19, 2023 10:32:42 PM org.openqa.selenium.devtools.CdpVersionFinder findNearestMatch
WARNING: Unable to find an exact match for CDP version 113, so returning the closest version found: 112
]]></system-err>
  </testcase>
  <testcase name="Search with valid queries #2" classname="Search for product" time="9.274">
    <system-out><![CDATA[
@SFP03
Scenario Outline: Search with valid queries                                       &amp#27;[90m# src/test/resources/features/search.feature:32&amp#27;[0m
22:32:49.584 [main] DEBUG io.cucumber.core.plugin.SerenityReporter -- Running feature from file:///D:/Documents/Projects/sqa/proj/test/src/test/resources/features/search.feature
22:32:49.696 [main] INFO net.serenitybdd.core.webdriver.driverproviders.ChromeDriverProvider -- Starting Chrome driver instance with capabilities:
22:32:49.696 [main] INFO net.serenitybdd.core.webdriver.driverproviders.ChromeDriverProvider -- Capabilities {acceptInsecureCerts: false, browserName: chrome, goog:chromeOptions: {args: [remote-allow-origins=*], extensions: []}}
  &amp#27;[32mGiven &amp#27;[0m&amp#27;[32mUser is on main page&amp#27;[0m                                                      &amp#27;[90m# definitions.SearchStepDefs.userIsOnMainPage()&amp#27;[0m
22:32:55.443 [main] DEBUG net.serenitybdd.core.photography.Darkroom -- Send negative for processing for target\site\serenity\7ae942016da0ad7d77836df3ace18a023f011cfc790249ef5bdbae466c853ac2.png
22:32:55.445 [Darkroom Processing Line] DEBUG net.serenitybdd.core.photography.DarkroomProcessingLine -- Processing screenshot image in /var/screenshots/screenshot-10998617407095077537
22:32:55.445 [Darkroom Processing Line] DEBUG net.serenitybdd.core.photography.DarkroomProcessingLine -- Saving screenshot to target\site\serenity\7ae942016da0ad7d77836df3ace18a023f011cfc790249ef5bdbae466c853ac2.png
22:32:57.692 [main] DEBUG net.serenitybdd.core.photography.Darkroom -- Send negative for processing for target\site\serenity\589b742ad2110931364271660cb762f29e7f5f8e45077838233a005535a962f3.png
22:32:57.692 [Darkroom Processing Line] DEBUG net.serenitybdd.core.photography.DarkroomProcessingLine -- Processing screenshot image in /var/screenshots/screenshot-1763500222309957583
22:32:57.693 [Darkroom Processing Line] DEBUG net.serenitybdd.core.photography.DarkroomProcessingLine -- Saving screenshot to target\site\serenity\589b742ad2110931364271660cb762f29e7f5f8e45077838233a005535a962f3.png
  &amp#27;[32mWhen &amp#27;[0m&amp#27;[32mUser search for queries like &amp#27;[0m&amp#27;[32m&amp#27;[1m"dell"&amp#27;[0m                                        &amp#27;[90m# definitions.SearchStepDefs.userSearchForQueriesLikeQuery(java.lang.String)&amp#27;[0m
22:32:58.134 [main] DEBUG net.serenitybdd.core.photography.Darkroom -- Send negative for processing for target\site\serenity\264126343b348c77902867d94edd21a8110e562806a66a0fda60ccb9ef51af8e.png
22:32:58.134 [Darkroom Processing Line] DEBUG net.serenitybdd.core.photography.DarkroomProcessingLine -- Processing screenshot image in /var/screenshots/screenshot-5294338747087051486
22:32:58.134 [Darkroom Processing Line] DEBUG net.serenitybdd.core.photography.DarkroomProcessingLine -- Saving screenshot to target\site\serenity\264126343b348c77902867d94edd21a8110e562806a66a0fda60ccb9ef51af8e.png
  &amp#27;[32mThen &amp#27;[0m&amp#27;[32mThe result page should display products that satisfy search queries &amp#27;[0m&amp#27;[32m&amp#27;[1m"dell"&amp#27;[0m &amp#27;[90m# definitions.SearchStepDefs.theResultPageShouldDisplayProductsThatSatisfySearchQueries(java.lang.String)&amp#27;[0m
22:32:58.541 [main] DEBUG net.serenitybdd.core.photography.Darkroom -- Send negative for processing for target\site\serenity\5b9b3da74bee4b78112e519354503058ce23ce4873e2a12bc812cb3f1bb689f3.png
22:32:58.542 [Darkroom Processing Line] DEBUG net.serenitybdd.core.photography.DarkroomProcessingLine -- Processing screenshot image in /var/screenshots/screenshot-9930633720470921537
22:32:58.542 [Darkroom Processing Line] DEBUG net.serenitybdd.core.photography.DarkroomProcessingLine -- Saving screenshot to target\site\serenity\5b9b3da74bee4b78112e519354503058ce23ce4873e2a12bc812cb3f1bb689f3.png
22:32:58.853 [main] INFO  -- &amp#27;[92m---------------
- TEST PASSED -
---------------

Search with valid queries
---------------&amp#27;[0m
]]></system-out>
    <system-err><![CDATA[Starting ChromeDriver 113.0.5672.63 (0e1a4471d5ae5bf128b1bd8f4d627c8cbd55f70c-refs/branch-heads/5672@{#912}) on port 6718
Only local connections are allowed.
Please see https://chromedriver.chromium.org/security-considerations for suggestions on keeping ChromeDriver safe.
ChromeDriver was started successfully.
May 19, 2023 10:32:52 PM org.openqa.selenium.devtools.CdpVersionFinder findNearestMatch
WARNING: Unable to find an exact match for CDP version 113, so returning the closest version found: 112
]]></system-err>
  </testcase>
  <testcase name="Search with valid queries #3" classname="Search for product" time="8.63">
    <system-out><![CDATA[
@SFP03
Scenario Outline: Search with valid queries                                         &amp#27;[90m# src/test/resources/features/search.feature:33&amp#27;[0m
22:32:58.859 [main] DEBUG io.cucumber.core.plugin.SerenityReporter -- Running feature from file:///D:/Documents/Projects/sqa/proj/test/src/test/resources/features/search.feature
22:32:58.961 [main] INFO net.serenitybdd.core.webdriver.driverproviders.ChromeDriverProvider -- Starting Chrome driver instance with capabilities:
22:32:58.962 [main] INFO net.serenitybdd.core.webdriver.driverproviders.ChromeDriverProvider -- Capabilities {acceptInsecureCerts: false, browserName: chrome, goog:chromeOptions: {args: [remote-allow-origins=*], extensions: []}}
  &amp#27;[32mGiven &amp#27;[0m&amp#27;[32mUser is on main page&amp#27;[0m                                                        &amp#27;[90m# definitions.SearchStepDefs.userIsOnMainPage()&amp#27;[0m
22:33:04.471 [main] DEBUG net.serenitybdd.core.photography.Darkroom -- Send negative for processing for target\site\serenity\e0ca6a8639112b3933d695618b28a6fe75403324f183b84c0acd6f28e5060d39.png
22:33:04.472 [Darkroom Processing Line] DEBUG net.serenitybdd.core.photography.DarkroomProcessingLine -- Processing screenshot image in /var/screenshots/screenshot-7290566869044779116
22:33:04.472 [Darkroom Processing Line] DEBUG net.serenitybdd.core.photography.DarkroomProcessingLine -- Saving screenshot to target\site\serenity\e0ca6a8639112b3933d695618b28a6fe75403324f183b84c0acd6f28e5060d39.png
22:33:06.379 [main] DEBUG net.serenitybdd.core.photography.Darkroom -- Send negative for processing for target\site\serenity\6a62ef508f600edb0c79d8bfaa5ea3136f491e115afd2d9c1526d9c3c9b9b371.png
22:33:06.380 [Darkroom Processing Line] DEBUG net.serenitybdd.core.photography.DarkroomProcessingLine -- Processing screenshot image in /var/screenshots/screenshot-12809257535409412542
22:33:06.380 [Darkroom Processing Line] DEBUG net.serenitybdd.core.photography.DarkroomProcessingLine -- Saving screenshot to target\site\serenity\6a62ef508f600edb0c79d8bfaa5ea3136f491e115afd2d9c1526d9c3c9b9b371.png
  &amp#27;[32mWhen &amp#27;[0m&amp#27;[32mUser search for queries like &amp#27;[0m&amp#27;[32m&amp#27;[1m"legion"&amp#27;[0m                                        &amp#27;[90m# definitions.SearchStepDefs.userSearchForQueriesLikeQuery(java.lang.String)&amp#27;[0m
22:33:06.697 [main] DEBUG net.serenitybdd.core.photography.Darkroom -- Send negative for processing for target\site\serenity\6a62ef508f600edb0c79d8bfaa5ea3136f491e115afd2d9c1526d9c3c9b9b371.png
  &amp#27;[32mThen &amp#27;[0m&amp#27;[32mThe result page should display products that satisfy search queries &amp#27;[0m&amp#27;[32m&amp#27;[1m"legion"&amp#27;[0m &amp#27;[90m# definitions.SearchStepDefs.theResultPageShouldDisplayProductsThatSatisfySearchQueries(java.lang.String)&amp#27;[0m
22:33:07.118 [main] DEBUG net.serenitybdd.core.photography.Darkroom -- Send negative for processing for target\site\serenity\4877af79349f52661f516358769979c2ceff9366f07dff5a6b2dac59465ed0cf.png
22:33:07.118 [Darkroom Processing Line] DEBUG net.serenitybdd.core.photography.DarkroomProcessingLine -- Processing screenshot image in /var/screenshots/screenshot-13360943877041852444
22:33:07.118 [Darkroom Processing Line] DEBUG net.serenitybdd.core.photography.DarkroomProcessingLine -- Saving screenshot to target\site\serenity\4877af79349f52661f516358769979c2ceff9366f07dff5a6b2dac59465ed0cf.png
]]></system-out>
    <system-err><![CDATA[Starting ChromeDriver 113.0.5672.63 (0e1a4471d5ae5bf128b1bd8f4d627c8cbd55f70c-refs/branch-heads/5672@{#912}) on port 6341
Only local connections are allowed.
Please see https://chromedriver.chromium.org/security-considerations for suggestions on keeping ChromeDriver safe.
ChromeDriver was started successfully.
May 19, 2023 10:33:00 PM org.openqa.selenium.devtools.CdpVersionFinder findNearestMatch
WARNING: Unable to find an exact match for CDP version 113, so returning the closest version found: 112
]]></system-err>
  </testcase>
  <testcase name="Search with valid queries #4" classname="Search for product" time="9.755">
    <system-out><![CDATA[
@SFP03
Scenario Outline: Search with valid queries                                          &amp#27;[90m# src/test/resources/features/search.feature:34&amp#27;[0m
22:33:07.493 [main] DEBUG io.cucumber.core.plugin.SerenityReporter -- Running feature from file:///D:/Documents/Projects/sqa/proj/test/src/test/resources/features/search.feature
22:33:07.619 [main] INFO net.serenitybdd.core.webdriver.driverproviders.ChromeDriverProvider -- Starting Chrome driver instance with capabilities:
22:33:07.619 [main] INFO net.serenitybdd.core.webdriver.driverproviders.ChromeDriverProvider -- Capabilities {acceptInsecureCerts: false, browserName: chrome, goog:chromeOptions: {args: [remote-allow-origins=*], extensions: []}}
  &amp#27;[32mGiven &amp#27;[0m&amp#27;[32mUser is on main page&amp#27;[0m                                                         &amp#27;[90m# definitions.SearchStepDefs.userIsOnMainPage()&amp#27;[0m
22:33:13.813 [main] DEBUG net.serenitybdd.core.photography.Darkroom -- Send negative for processing for target\site\serenity\327f074b0234ff33326609963bae65a327e992133ddadddf4704b23e348739e5.png
22:33:13.814 [Darkroom Processing Line] DEBUG net.serenitybdd.core.photography.DarkroomProcessingLine -- Processing screenshot image in /var/screenshots/screenshot-778616462629018350
22:33:13.814 [Darkroom Processing Line] DEBUG net.serenitybdd.core.photography.DarkroomProcessingLine -- Saving screenshot to target\site\serenity\327f074b0234ff33326609963bae65a327e992133ddadddf4704b23e348739e5.png
22:33:16.056 [main] DEBUG net.serenitybdd.core.photography.Darkroom -- Send negative for processing for target\site\serenity\3bce7aba53fcb5d1b0af4d29fa0daa89d33f9c66c36dbd5179ef46050b1f8058.png
22:33:16.057 [Darkroom Processing Line] DEBUG net.serenitybdd.core.photography.DarkroomProcessingLine -- Processing screenshot image in /var/screenshots/screenshot-8317691600193574426
22:33:16.057 [Darkroom Processing Line] DEBUG net.serenitybdd.core.photography.DarkroomProcessingLine -- Saving screenshot to target\site\serenity\3bce7aba53fcb5d1b0af4d29fa0daa89d33f9c66c36dbd5179ef46050b1f8058.png
  &amp#27;[32mWhen &amp#27;[0m&amp#27;[32mUser search for queries like &amp#27;[0m&amp#27;[32m&amp#27;[1m"nitro 5"&amp#27;[0m                                        &amp#27;[90m# definitions.SearchStepDefs.userSearchForQueriesLikeQuery(java.lang.String)&amp#27;[0m
22:33:16.363 [main] DEBUG net.serenitybdd.core.photography.Darkroom -- Send negative for processing for target\site\serenity\3bce7aba53fcb5d1b0af4d29fa0daa89d33f9c66c36dbd5179ef46050b1f8058.png
  &amp#27;[32mThen &amp#27;[0m&amp#27;[32mThe result page should display products that satisfy search queries &amp#27;[0m&amp#27;[32m&amp#27;[1m"nitro 5"&amp#27;[0m &amp#27;[90m# definitions.SearchStepDefs.theResultPageShouldDisplayProductsThatSatisfySearchQueries(java.lang.String)&amp#27;[0m
22:33:16.669 [main] DEBUG net.serenitybdd.core.photography.Darkroom -- Send negative for processing for target\site\serenity\4b97f5b3061565db2bb151e55bc7087d41e606e0a96ac5fba7f63bd908416dc2.png
22:33:16.669 [Darkroom Processing Line] DEBUG net.serenitybdd.core.photography.DarkroomProcessingLine -- Processing screenshot image in /var/screenshots/screenshot-4945524733012350771
22:33:16.669 [Darkroom Processing Line] DEBUG net.serenitybdd.core.photography.DarkroomProcessingLine -- Saving screenshot to target\site\serenity\4b97f5b3061565db2bb151e55bc7087d41e606e0a96ac5fba7f63bd908416dc2.png
]]></system-out>
    <system-err><![CDATA[Starting ChromeDriver 113.0.5672.63 (0e1a4471d5ae5bf128b1bd8f4d627c8cbd55f70c-refs/branch-heads/5672@{#912}) on port 29686
Only local connections are allowed.
Please see https://chromedriver.chromium.org/security-considerations for suggestions on keeping ChromeDriver safe.
ChromeDriver was started successfully.
May 19, 2023 10:33:10 PM org.openqa.selenium.devtools.CdpVersionFinder findNearestMatch
WARNING: Unable to find an exact match for CDP version 113, so returning the closest version found: 112
]]></system-err>
  </testcase>
  <testcase name="Check search result in result page" classname="Search for product" time="17.192">
    <system-out><![CDATA[
@SFP04
Scenario: Check search result in result page                     &amp#27;[90m# src/test/resources/features/search.feature:36&amp#27;[0m
22:33:17.248 [main] DEBUG io.cucumber.core.plugin.SerenityReporter -- Running feature from file:///D:/Documents/Projects/sqa/proj/test/src/test/resources/features/search.feature
22:33:17.251 [main] INFO  -- ----------------
- TEST STARTED -
----------------

Check search result in result page(search-for-product;check-search-result-in-result-page)
----------------
22:33:17.367 [main] INFO net.serenitybdd.core.webdriver.driverproviders.ChromeDriverProvider -- Starting Chrome driver instance with capabilities:
22:33:17.367 [main] INFO net.serenitybdd.core.webdriver.driverproviders.ChromeDriverProvider -- Capabilities {acceptInsecureCerts: false, browserName: chrome, goog:chromeOptions: {args: [remote-allow-origins=*], extensions: []}}
22:33:24.691 [main] DEBUG net.serenitybdd.core.photography.Darkroom -- Send negative for processing for target\site\serenity\7cdf2e428ed414f7f5e94ae67d1e8750d631ba5967b15903638049a693b9aace.png
22:33:24.693 [Darkroom Processing Line] DEBUG net.serenitybdd.core.photography.DarkroomProcessingLine -- Processing screenshot image in /var/screenshots/screenshot-12414345605927399492
22:33:24.694 [Darkroom Processing Line] DEBUG net.serenitybdd.core.photography.DarkroomProcessingLine -- Saving screenshot to target\site\serenity\7cdf2e428ed414f7f5e94ae67d1e8750d631ba5967b15903638049a693b9aace.png
  &amp#27;[32mGiven &amp#27;[0m&amp#27;[32mSearch result has less or equals than &amp#27;[0m&amp#27;[32m&amp#27;[1m24&amp#27;[0m&amp#27;[32m products&amp#27;[0m        &amp#27;[90m# definitions.SearchStepDefs.searchResultPageHasLessThanOrEqualsProducts(int)&amp#27;[0m
22:33:25.057 [main] DEBUG net.serenitybdd.core.photography.Darkroom -- Send negative for processing for target\site\serenity\7cdf2e428ed414f7f5e94ae67d1e8750d631ba5967b15903638049a693b9aace.png
  &amp#27;[32mThen &amp#27;[0m&amp#27;[32mResult page should display exact number of products total&amp#27;[0m &amp#27;[90m# definitions.SearchStepDefs.resultPageShouldDisplayExactNumberOfProductsTotal()&amp#27;[0m
22:33:25.431 [main] DEBUG net.serenitybdd.core.photography.Darkroom -- Send negative for processing for target\site\serenity\140f75951c654f6e13b119fbcd2398916e8a8adb49e48ae69877273e35d605d3.png
22:33:25.432 [Darkroom Processing Line] DEBUG net.serenitybdd.core.photography.DarkroomProcessingLine -- Processing screenshot image in /var/screenshots/screenshot-17083236182467202410
22:33:25.432 [Darkroom Processing Line] DEBUG net.serenitybdd.core.photography.DarkroomProcessingLine -- Saving screenshot to target\site\serenity\140f75951c654f6e13b119fbcd2398916e8a8adb49e48ae69877273e35d605d3.png
  &amp#27;[32mBut &amp#27;[0m&amp#27;[32mResult page should not display paging buttons&amp#27;[0m              &amp#27;[90m# definitions.SearchStepDefs.resultPageShouldNotDisplayPagingButtons()&amp#27;[0m
22:33:33.984 [main] DEBUG net.serenitybdd.core.photography.Darkroom -- Send negative for processing for target\site\serenity\904d9c521a8b86cec44e2073bc9a8dd9bff879b572cb3eec8dd1f9a25c628fa4.png
22:33:33.984 [Darkroom Processing Line] DEBUG net.serenitybdd.core.photography.DarkroomProcessingLine -- Processing screenshot image in /var/screenshots/screenshot-7438599426064849885
22:33:33.984 [Darkroom Processing Line] DEBUG net.serenitybdd.core.photography.DarkroomProcessingLine -- Saving screenshot to target\site\serenity\904d9c521a8b86cec44e2073bc9a8dd9bff879b572cb3eec8dd1f9a25c628fa4.png
22:33:33.985 [main] INFO  -- &amp#27;[92m---------------
- TEST PASSED -
---------------

Check search result in result page
---------------&amp#27;[0m
]]></system-out>
    <system-err><![CDATA[Starting ChromeDriver 113.0.5672.63 (0e1a4471d5ae5bf128b1bd8f4d627c8cbd55f70c-refs/branch-heads/5672@{#912}) on port 10011
Only local connections are allowed.
Please see https://chromedriver.chromium.org/security-considerations for suggestions on keeping ChromeDriver safe.
ChromeDriver was started successfully.
May 19, 2023 10:33:19 PM org.openqa.selenium.devtools.CdpVersionFinder findNearestMatch
WARNING: Unable to find an exact match for CDP version 113, so returning the closest version found: 112
]]></system-err>
  </testcase>
  <testcase name="Check search result in result page with paging buttons" classname="Search for product" time="8.658">
    <system-out><![CDATA[
@SFP05
Scenario: Check search result in result page with paging buttons &amp#27;[90m# src/test/resources/features/search.feature:41&amp#27;[0m
22:33:34.442 [main] DEBUG io.cucumber.core.plugin.SerenityReporter -- Running feature from file:///D:/Documents/Projects/sqa/proj/test/src/test/resources/features/search.feature
22:33:34.444 [main] INFO  -- ----------------
- TEST STARTED -
----------------

Check search result in result page with paging buttons(search-for-product;check-search-result-in-result-page-with-paging-buttons)
----------------
22:33:34.509 [main] INFO net.serenitybdd.core.webdriver.driverproviders.ChromeDriverProvider -- Starting Chrome driver instance with capabilities:
22:33:34.510 [main] INFO net.serenitybdd.core.webdriver.driverproviders.ChromeDriverProvider -- Capabilities {acceptInsecureCerts: false, browserName: chrome, goog:chromeOptions: {args: [remote-allow-origins=*], extensions: []}}
22:33:41.466 [main] DEBUG net.serenitybdd.core.photography.Darkroom -- Send negative for processing for target\site\serenity\589b742ad2110931364271660cb762f29e7f5f8e45077838233a005535a962f3.png
  &amp#27;[32mGiven &amp#27;[0m&amp#27;[32mSearch result has more than &amp#27;[0m&amp#27;[32m&amp#27;[1m24&amp#27;[0m&amp#27;[32m products&amp#27;[0m                  &amp#27;[90m# definitions.SearchStepDefs.searchResultPageHasMoreThanProducts(int)&amp#27;[0m
22:33:41.932 [main] DEBUG net.serenitybdd.core.photography.Darkroom -- Send negative for processing for target\site\serenity\589b742ad2110931364271660cb762f29e7f5f8e45077838233a005535a962f3.png
  &amp#27;[32mThen &amp#27;[0m&amp#27;[32mResult page should display first &amp#27;[0m&amp#27;[32m&amp#27;[1m24&amp#27;[0m&amp#27;[32m products in total&amp#27;[0m     &amp#27;[90m# definitions.SearchStepDefs.resultPageShouldDisplayFirstProductsInTotal(int)&amp#27;[0m
22:33:42.318 [main] DEBUG net.serenitybdd.core.photography.Darkroom -- Send negative for processing for target\site\serenity\556c6257a127bdc50a5a448e9559f9275a6983e89974f13f7b25fed1249a0a38.png
22:33:42.318 [Darkroom Processing Line] DEBUG net.serenitybdd.core.photography.DarkroomProcessingLine -- Processing screenshot image in /var/screenshots/screenshot-7485673546714129013
22:33:42.318 [Darkroom Processing Line] DEBUG net.serenitybdd.core.photography.DarkroomProcessingLine -- Saving screenshot to target\site\serenity\556c6257a127bdc50a5a448e9559f9275a6983e89974f13f7b25fed1249a0a38.png
  &amp#27;[32mAnd &amp#27;[0m&amp#27;[32mResult page should display paging buttons&amp#27;[0m                  &amp#27;[90m# definitions.SearchStepDefs.resultPageShouldDisplayPagingButtons()&amp#27;[0m
22:33:42.717 [main] DEBUG net.serenitybdd.core.photography.Darkroom -- Send negative for processing for target\site\serenity\a9578db79b6a976f285d4b0b6b4c77c971286beea9bd67afb7eb434454e02cf9.png
22:33:42.717 [Darkroom Processing Line] DEBUG net.serenitybdd.core.photography.DarkroomProcessingLine -- Processing screenshot image in /var/screenshots/screenshot-17624857096180010520
22:33:42.717 [Darkroom Processing Line] DEBUG net.serenitybdd.core.photography.DarkroomProcessingLine -- Saving screenshot to target\site\serenity\a9578db79b6a976f285d4b0b6b4c77c971286beea9bd67afb7eb434454e02cf9.png
22:33:42.718 [main] INFO  -- &amp#27;[92m---------------
- TEST PASSED -
---------------

Check search result in result page with paging buttons
---------------&amp#27;[0m
]]></system-out>
    <system-err><![CDATA[Starting ChromeDriver 113.0.5672.63 (0e1a4471d5ae5bf128b1bd8f4d627c8cbd55f70c-refs/branch-heads/5672@{#912}) on port 18353
Only local connections are allowed.
Please see https://chromedriver.chromium.org/security-considerations for suggestions on keeping ChromeDriver safe.
ChromeDriver was started successfully.
May 19, 2023 10:33:36 PM org.openqa.selenium.devtools.CdpVersionFinder findNearestMatch
WARNING: Unable to find an exact match for CDP version 113, so returning the closest version found: 112
]]></system-err>
  </testcase>
</testsuite>