<?xml version="1.0" encoding="UTF-8" standalone="no"?><testsuite errors="0" failures="1" name="Search for product" skipped="0" tests="14" time="137.23" timestamp="2023-05-19 10:31:24"><testcase name="Search with queries which has less than 2 characters"/><testcase name="Search with invalid queries"><failure message="expected:&lt;...quả tìm kiếm cho &quot;. [  .. . . . . . . .   ] . . .. . .&quot;&gt; but was:&lt;...quả tìm kiếm cho &quot;. [.. . . . . . . .] . . .. . .&quot;&gt;" type="java.lang.AssertionError">expected:&lt;...quả tìm kiếm cho ". [  .. . . . . . . .   ] . . .. . ."&gt; but was:&lt;...quả tìm kiếm cho ". [.. . . . . . . .] . . .. . ."&gt;</failure><system-err>expected:&lt;...quả tìm kiếm cho ". [  .. . . . . . . .   ] . . .. . ."&gt; but was:&lt;...quả tìm kiếm cho ". [.. . . . . . . .] . . .. . ."&gt;&#13;
definitions.SearchStepDefs.thePageShouldDisplayMessage(SearchStepDefs.java:29)&#13;
✽.The page should display message "Có 0 kết quả tìm kiếm cho \".   .. . . . . . . .    . . .. . .\""(file:///D:/Documents/Projects/sqa/proj/test/src/test/resources/features/search.feature:18)&#13;
</system-err></testcase><testcase name="Search with valid queries"/><testcase name="Check search result in result page"/><testcase name="Check search result in result page with paging buttons"/></testsuite>